[25-08-2016 09:45:30] PayPal\Core\PayPalHttpConnection: INFO	: POST https://api.sandbox.paypal.com/v1/oauth2/token
[25-08-2016 09:45:31] PayPal\Core\PayPalHttpConnection: INFO	: Response Status 	: 200
[25-08-2016 09:45:31] PayPal\Core\PayPalHttpConnection: INFO	: POST https://api.sandbox.paypal.com/v1/payments/payment
[25-08-2016 09:45:33] PayPal\Core\PayPalHttpConnection: INFO	: Response Status 	: 201
[25-08-2016 09:46:11] PayPal\Core\PayPalHttpConnection: INFO	: POST https://api.sandbox.paypal.com/v1/oauth2/token
[25-08-2016 09:46:12] PayPal\Core\PayPalHttpConnection: INFO	: Response Status 	: 200
[25-08-2016 09:46:12] PayPal\Core\PayPalHttpConnection: INFO	: POST https://api.sandbox.paypal.com/v1/payments/payment
[25-08-2016 09:46:13] PayPal\Core\PayPalHttpConnection: INFO	: Response Status 	: 201
[25-08-2016 09:49:49] PayPal\Core\PayPalHttpConnection: INFO	: POST https://api.sandbox.paypal.com/v1/oauth2/token
[25-08-2016 09:49:50] PayPal\Core\PayPalHttpConnection: INFO	: Response Status 	: 200
[25-08-2016 09:49:50] PayPal\Core\PayPalHttpConnection: INFO	: POST https://api.sandbox.paypal.com/v1/payments/payment
[25-08-2016 09:49:51] PayPal\Core\PayPalHttpConnection: INFO	: Response Status 	: 201
[25-08-2016 09:50:09] PayPal\Core\PayPalHttpConnection: INFO	: POST https://api.sandbox.paypal.com/v1/oauth2/token
[25-08-2016 09:50:10] PayPal\Core\PayPalHttpConnection: INFO	: Response Status 	: 200
[25-08-2016 09:50:10] PayPal\Core\PayPalHttpConnection: INFO	: POST https://api.sandbox.paypal.com/v1/payments/payment
[25-08-2016 09:50:12] PayPal\Core\PayPalHttpConnection: INFO	: Response Status 	: 201
[31-08-2016 03:06:57] PayPal\Core\PayPalHttpConnection: INFO	: POST https://api.sandbox.paypal.com/v1/oauth2/token
[31-08-2016 03:06:59] PayPal\Core\PayPalHttpConnection: INFO	: Response Status 	: 200
[31-08-2016 03:06:59] PayPal\Core\PayPalHttpConnection: INFO	: POST https://api.sandbox.paypal.com/v1/payments/payment
[31-08-2016 03:07:00] PayPal\Core\PayPalHttpConnection: INFO	: Response Status 	: 201
[03-09-2016 11:18:47] PayPal\Core\PayPalHttpConnection: INFO	: POST https://api.paypal.com/v1/oauth2/token
[03-09-2016 11:18:49] PayPal\Core\PayPalHttpConnection: INFO	: Response Status 	: 200
[03-09-2016 11:18:49] PayPal\Core\PayPalHttpConnection: INFO	: POST https://api.paypal.com/v1/payments/payment
[03-09-2016 11:18:50] PayPal\Core\PayPalHttpConnection: INFO	: Response Status 	: 201
